<?xml version="1.0" encoding="UTF-8"?>
<!-- Generated by org.testng.reporters.JUnitReportReporter -->
<testsuite skipped="0" hostname="MUMSDALVI" name="org.automation.testcases.TC_004_Validate_Select_Customer_when_no_customers_in_list" tests="1" failures="0" timestamp="30 Nov 2020 10:53:25 GMT" time="20.387" errors="0">
  <testcase name="validateSelectCustomerScreen" time="20.387" classname="org.automation.testcases.TC_004_Validate_Select_Customer_when_no_customers_in_list"/>
</testsuite> <!-- org.automation.testcases.TC_004_Validate_Select_Customer_when_no_customers_in_list -->
