<?xml version="1.0" encoding="UTF-8"?>
<!-- Generated by org.testng.reporters.JUnitReportReporter -->
<testsuite skipped="0" hostname="MUMSDALVI" name="org.automation.testcases.TC_005_Validate_fields_Add_New_Hire" tests="1" failures="0" timestamp="30 Nov 2020 10:53:25 GMT" time="25.108" errors="0">
  <testcase name="validateFields" time="25.108" classname="org.automation.testcases.TC_005_Validate_fields_Add_New_Hire"/>
</testsuite> <!-- org.automation.testcases.TC_005_Validate_fields_Add_New_Hire -->
